<?xml version="1.0" encoding="UTF-8"?>
<testsuite xmlns:xsi="http://www.w3.org/2001/XMLSchema-instance" xsi:noNamespaceSchemaLocation="https://maven.apache.org/surefire/maven-surefire-plugin/xsd/surefire-test-report.xsd" name="com.ibm.ro.tm.apprenticeship.poll.metter.be.PollMetterBeApplicationTests" time="8.869" tests="1" errors="0" skipped="0" failures="0">
  <properties>
    <property name="sun.desktop" value="windows"/>
    <property name="awt.toolkit" value="sun.awt.windows.WToolkit"/>
    <property name="java.specification.version" value="11"/>
    <property name="sun.cpu.isalist" value="amd64"/>
    <property name="sun.jnu.encoding" value="Cp1252"/>
    <property name="java.class.path" value="C:\wrk\personal\practica-base\demo1\apprenticeship\poll-metter-be\target\test-classes;C:\wrk\personal\practica-base\demo1\apprenticeship\poll-metter-be\target\classes;C:\sandbox\mvn.repo\org\springframework\boot\spring-boot-starter-data-jpa\2.6.6\spring-boot-starter-data-jpa-2.6.6.jar;C:\sandbox\mvn.repo\org\springframework\boot\spring-boot-starter-aop\2.6.6\spring-boot-starter-aop-2.6.6.jar;C:\sandbox\mvn.repo\org\springframework\spring-aop\5.3.18\spring-aop-5.3.18.jar;C:\sandbox\mvn.repo\org\aspectj\aspectjweaver\1.9.7\aspectjweaver-1.9.7.jar;C:\sandbox\mvn.repo\org\springframework\boot\spring-boot-starter-jdbc\2.6.6\spring-boot-starter-jdbc-2.6.6.jar;C:\sandbox\mvn.repo\com\zaxxer\HikariCP\4.0.3\HikariCP-4.0.3.jar;C:\sandbox\mvn.repo\org\springframework\spring-jdbc\5.3.18\spring-jdbc-5.3.18.jar;C:\sandbox\mvn.repo\jakarta\transaction\jakarta.transaction-api\1.3.3\jakarta.transaction-api-1.3.3.jar;C:\sandbox\mvn.repo\jakarta\persistence\jakarta.persistence-api\2.2.3\jakarta.persistence-api-2.2.3.jar;C:\sandbox\mvn.repo\org\hibernate\hibernate-core\5.6.7.Final\hibernate-core-5.6.7.Final.jar;C:\sandbox\mvn.repo\org\jboss\logging\jboss-logging\3.4.3.Final\jboss-logging-3.4.3.Final.jar;C:\sandbox\mvn.repo\net\bytebuddy\byte-buddy\1.11.22\byte-buddy-1.11.22.jar;C:\sandbox\mvn.repo\antlr\antlr\2.7.7\antlr-2.7.7.jar;C:\sandbox\mvn.repo\org\jboss\jandex\2.4.2.Final\jandex-2.4.2.Final.jar;C:\sandbox\mvn.repo\org\hibernate\common\hibernate-commons-annotations\5.1.2.Final\hibernate-commons-annotations-5.1.2.Final.jar;C:\sandbox\mvn.repo\org\glassfish\jaxb\jaxb-runtime\2.3.6\jaxb-runtime-2.3.6.jar;C:\sandbox\mvn.repo\org\glassfish\jaxb\txw2\2.3.6\txw2-2.3.6.jar;C:\sandbox\mvn.repo\com\sun\istack\istack-commons-runtime\3.0.12\istack-commons-runtime-3.0.12.jar;C:\sandbox\mvn.repo\com\sun\activation\jakarta.activation\1.2.2\jakarta.activation-1.2.2.jar;C:\sandbox\mvn.repo\org\springframework\data\spring-data-jpa\2.6.3\spring-data-jpa-2.6.3.jar;C:\sandbox\mvn.repo\org\springframework\data\spring-data-commons\2.6.3\spring-data-commons-2.6.3.jar;C:\sandbox\mvn.repo\org\springframework\spring-orm\5.3.18\spring-orm-5.3.18.jar;C:\sandbox\mvn.repo\org\springframework\spring-context\5.3.18\spring-context-5.3.18.jar;C:\sandbox\mvn.repo\org\springframework\spring-tx\5.3.18\spring-tx-5.3.18.jar;C:\sandbox\mvn.repo\org\springframework\spring-beans\5.3.18\spring-beans-5.3.18.jar;C:\sandbox\mvn.repo\org\springframework\spring-aspects\5.3.18\spring-aspects-5.3.18.jar;C:\sandbox\mvn.repo\org\springframework\boot\spring-boot-starter-web\2.6.6\spring-boot-starter-web-2.6.6.jar;C:\sandbox\mvn.repo\org\springframework\boot\spring-boot-starter\2.6.6\spring-boot-starter-2.6.6.jar;C:\sandbox\mvn.repo\org\springframework\boot\spring-boot\2.6.6\spring-boot-2.6.6.jar;C:\sandbox\mvn.repo\org\springframework\boot\spring-boot-autoconfigure\2.6.6\spring-boot-autoconfigure-2.6.6.jar;C:\sandbox\mvn.repo\org\springframework\boot\spring-boot-starter-logging\2.6.6\spring-boot-starter-logging-2.6.6.jar;C:\sandbox\mvn.repo\ch\qos\logback\logback-classic\1.2.11\logback-classic-1.2.11.jar;C:\sandbox\mvn.repo\ch\qos\logback\logback-core\1.2.11\logback-core-1.2.11.jar;C:\sandbox\mvn.repo\org\apache\logging\log4j\log4j-to-slf4j\2.17.2\log4j-to-slf4j-2.17.2.jar;C:\sandbox\mvn.repo\org\apache\logging\log4j\log4j-api\2.17.2\log4j-api-2.17.2.jar;C:\sandbox\mvn.repo\org\slf4j\jul-to-slf4j\1.7.36\jul-to-slf4j-1.7.36.jar;C:\sandbox\mvn.repo\jakarta\annotation\jakarta.annotation-api\1.3.5\jakarta.annotation-api-1.3.5.jar;C:\sandbox\mvn.repo\org\yaml\snakeyaml\1.29\snakeyaml-1.29.jar;C:\sandbox\mvn.repo\org\springframework\boot\spring-boot-starter-json\2.6.6\spring-boot-starter-json-2.6.6.jar;C:\sandbox\mvn.repo\com\fasterxml\jackson\core\jackson-databind\2.13.2.2\jackson-databind-2.13.2.2.jar;C:\sandbox\mvn.repo\com\fasterxml\jackson\core\jackson-annotations\2.13.2\jackson-annotations-2.13.2.jar;C:\sandbox\mvn.repo\com\fasterxml\jackson\core\jackson-core\2.13.2\jackson-core-2.13.2.jar;C:\sandbox\mvn.repo\com\fasterxml\jackson\datatype\jackson-datatype-jdk8\2.13.2\jackson-datatype-jdk8-2.13.2.jar;C:\sandbox\mvn.repo\com\fasterxml\jackson\datatype\jackson-datatype-jsr310\2.13.2\jackson-datatype-jsr310-2.13.2.jar;C:\sandbox\mvn.repo\com\fasterxml\jackson\module\jackson-module-parameter-names\2.13.2\jackson-module-parameter-names-2.13.2.jar;C:\sandbox\mvn.repo\org\springframework\boot\spring-boot-starter-tomcat\2.6.6\spring-boot-starter-tomcat-2.6.6.jar;C:\sandbox\mvn.repo\org\apache\tomcat\embed\tomcat-embed-core\9.0.60\tomcat-embed-core-9.0.60.jar;C:\sandbox\mvn.repo\org\apache\tomcat\embed\tomcat-embed-el\9.0.60\tomcat-embed-el-9.0.60.jar;C:\sandbox\mvn.repo\org\apache\tomcat\embed\tomcat-embed-websocket\9.0.60\tomcat-embed-websocket-9.0.60.jar;C:\sandbox\mvn.repo\org\springframework\spring-web\5.3.18\spring-web-5.3.18.jar;C:\sandbox\mvn.repo\org\springframework\spring-webmvc\5.3.18\spring-webmvc-5.3.18.jar;C:\sandbox\mvn.repo\org\springframework\spring-expression\5.3.18\spring-expression-5.3.18.jar;C:\sandbox\mvn.repo\com\h2database\h2\1.4.200\h2-1.4.200.jar;C:\sandbox\mvn.repo\org\springframework\boot\spring-boot-starter-test\2.6.6\spring-boot-starter-test-2.6.6.jar;C:\sandbox\mvn.repo\org\springframework\boot\spring-boot-test\2.6.6\spring-boot-test-2.6.6.jar;C:\sandbox\mvn.repo\org\springframework\boot\spring-boot-test-autoconfigure\2.6.6\spring-boot-test-autoconfigure-2.6.6.jar;C:\sandbox\mvn.repo\com\jayway\jsonpath\json-path\2.6.0\json-path-2.6.0.jar;C:\sandbox\mvn.repo\net\minidev\json-smart\2.4.8\json-smart-2.4.8.jar;C:\sandbox\mvn.repo\net\minidev\accessors-smart\2.4.8\accessors-smart-2.4.8.jar;C:\sandbox\mvn.repo\org\ow2\asm\asm\9.1\asm-9.1.jar;C:\sandbox\mvn.repo\jakarta\xml\bind\jakarta.xml.bind-api\2.3.3\jakarta.xml.bind-api-2.3.3.jar;C:\sandbox\mvn.repo\jakarta\activation\jakarta.activation-api\1.2.2\jakarta.activation-api-1.2.2.jar;C:\sandbox\mvn.repo\org\assertj\assertj-core\3.21.0\assertj-core-3.21.0.jar;C:\sandbox\mvn.repo\org\hamcrest\hamcrest\2.2\hamcrest-2.2.jar;C:\sandbox\mvn.repo\org\junit\jupiter\junit-jupiter\5.8.2\junit-jupiter-5.8.2.jar;C:\sandbox\mvn.repo\org\junit\jupiter\junit-jupiter-api\5.8.2\junit-jupiter-api-5.8.2.jar;C:\sandbox\mvn.repo\org\opentest4j\opentest4j\1.2.0\opentest4j-1.2.0.jar;C:\sandbox\mvn.repo\org\junit\platform\junit-platform-commons\1.8.2\junit-platform-commons-1.8.2.jar;C:\sandbox\mvn.repo\org\apiguardian\apiguardian-api\1.1.2\apiguardian-api-1.1.2.jar;C:\sandbox\mvn.repo\org\junit\jupiter\junit-jupiter-params\5.8.2\junit-jupiter-params-5.8.2.jar;C:\sandbox\mvn.repo\org\junit\jupiter\junit-jupiter-engine\5.8.2\junit-jupiter-engine-5.8.2.jar;C:\sandbox\mvn.repo\org\junit\platform\junit-platform-engine\1.8.2\junit-platform-engine-1.8.2.jar;C:\sandbox\mvn.repo\org\mockito\mockito-core\4.0.0\mockito-core-4.0.0.jar;C:\sandbox\mvn.repo\net\bytebuddy\byte-buddy-agent\1.11.22\byte-buddy-agent-1.11.22.jar;C:\sandbox\mvn.repo\org\objenesis\objenesis\3.2\objenesis-3.2.jar;C:\sandbox\mvn.repo\org\mockito\mockito-junit-jupiter\4.0.0\mockito-junit-jupiter-4.0.0.jar;C:\sandbox\mvn.repo\org\skyscreamer\jsonassert\1.5.0\jsonassert-1.5.0.jar;C:\sandbox\mvn.repo\com\vaadin\external\google\android-json\0.0.20131108.vaadin1\android-json-0.0.20131108.vaadin1.jar;C:\sandbox\mvn.repo\org\springframework\spring-core\5.3.18\spring-core-5.3.18.jar;C:\sandbox\mvn.repo\org\springframework\spring-jcl\5.3.18\spring-jcl-5.3.18.jar;C:\sandbox\mvn.repo\org\springframework\spring-test\5.3.18\spring-test-5.3.18.jar;C:\sandbox\mvn.repo\org\xmlunit\xmlunit-core\2.8.4\xmlunit-core-2.8.4.jar;C:\sandbox\mvn.repo\io\springfox\springfox-boot-starter\3.0.0\springfox-boot-starter-3.0.0.jar;C:\sandbox\mvn.repo\io\springfox\springfox-oas\3.0.0\springfox-oas-3.0.0.jar;C:\sandbox\mvn.repo\io\swagger\core\v3\swagger-annotations\2.1.2\swagger-annotations-2.1.2.jar;C:\sandbox\mvn.repo\io\swagger\core\v3\swagger-models\2.1.2\swagger-models-2.1.2.jar;C:\sandbox\mvn.repo\io\springfox\springfox-spi\3.0.0\springfox-spi-3.0.0.jar;C:\sandbox\mvn.repo\io\springfox\springfox-schema\3.0.0\springfox-schema-3.0.0.jar;C:\sandbox\mvn.repo\io\springfox\springfox-core\3.0.0\springfox-core-3.0.0.jar;C:\sandbox\mvn.repo\io\springfox\springfox-spring-web\3.0.0\springfox-spring-web-3.0.0.jar;C:\sandbox\mvn.repo\io\github\classgraph\classgraph\4.8.83\classgraph-4.8.83.jar;C:\sandbox\mvn.repo\io\springfox\springfox-spring-webmvc\3.0.0\springfox-spring-webmvc-3.0.0.jar;C:\sandbox\mvn.repo\io\springfox\springfox-spring-webflux\3.0.0\springfox-spring-webflux-3.0.0.jar;C:\sandbox\mvn.repo\io\springfox\springfox-swagger-common\3.0.0\springfox-swagger-common-3.0.0.jar;C:\sandbox\mvn.repo\org\mapstruct\mapstruct\1.3.1.Final\mapstruct-1.3.1.Final.jar;C:\sandbox\mvn.repo\io\springfox\springfox-data-rest\3.0.0\springfox-data-rest-3.0.0.jar;C:\sandbox\mvn.repo\io\springfox\springfox-bean-validators\3.0.0\springfox-bean-validators-3.0.0.jar;C:\sandbox\mvn.repo\io\springfox\springfox-swagger2\3.0.0\springfox-swagger2-3.0.0.jar;C:\sandbox\mvn.repo\io\swagger\swagger-annotations\1.5.20\swagger-annotations-1.5.20.jar;C:\sandbox\mvn.repo\io\swagger\swagger-models\1.5.20\swagger-models-1.5.20.jar;C:\sandbox\mvn.repo\io\springfox\springfox-swagger-ui\3.0.0\springfox-swagger-ui-3.0.0.jar;C:\sandbox\mvn.repo\com\fasterxml\classmate\1.5.1\classmate-1.5.1.jar;C:\sandbox\mvn.repo\org\slf4j\slf4j-api\1.7.36\slf4j-api-1.7.36.jar;C:\sandbox\mvn.repo\org\springframework\plugin\spring-plugin-core\2.0.0.RELEASE\spring-plugin-core-2.0.0.RELEASE.jar;C:\sandbox\mvn.repo\org\springframework\plugin\spring-plugin-metadata\2.0.0.RELEASE\spring-plugin-metadata-2.0.0.RELEASE.jar;"/>
    <property name="java.vm.vendor" value="Oracle Corporation"/>
    <property name="sun.arch.data.model" value="64"/>
    <property name="user.variant" value=""/>
    <property name="java.vendor.url" value="http://java.oracle.com/"/>
    <property name="user.timezone" value="Europe/Athens"/>
    <property name="java.vm.specification.version" value="11"/>
    <property name="os.name" value="Windows 10"/>
    <property name="sun.java.launcher" value="SUN_STANDARD"/>
    <property name="user.country" value="US"/>
    <property name="sun.boot.library.path" value="C:\java\jdk-11\bin"/>
    <property name="sun.java.command" value="C:\Users\NICOLA~1\AppData\Local\Temp\surefire14234807720246781452\surefirebooter4183911887248950020.jar C:\Users\NICOLAEVESA\AppData\Local\Temp\surefire14234807720246781452 2022-07-04T11-57-08_801-jvmRun1 surefire1707448680454881849tmp surefire_010245142739724154383tmp"/>
    <property name="jdk.debug" value="release"/>
    <property name="surefire.test.class.path" value="C:\wrk\personal\practica-base\demo1\apprenticeship\poll-metter-be\target\test-classes;C:\wrk\personal\practica-base\demo1\apprenticeship\poll-metter-be\target\classes;C:\sandbox\mvn.repo\org\springframework\boot\spring-boot-starter-data-jpa\2.6.6\spring-boot-starter-data-jpa-2.6.6.jar;C:\sandbox\mvn.repo\org\springframework\boot\spring-boot-starter-aop\2.6.6\spring-boot-starter-aop-2.6.6.jar;C:\sandbox\mvn.repo\org\springframework\spring-aop\5.3.18\spring-aop-5.3.18.jar;C:\sandbox\mvn.repo\org\aspectj\aspectjweaver\1.9.7\aspectjweaver-1.9.7.jar;C:\sandbox\mvn.repo\org\springframework\boot\spring-boot-starter-jdbc\2.6.6\spring-boot-starter-jdbc-2.6.6.jar;C:\sandbox\mvn.repo\com\zaxxer\HikariCP\4.0.3\HikariCP-4.0.3.jar;C:\sandbox\mvn.repo\org\springframework\spring-jdbc\5.3.18\spring-jdbc-5.3.18.jar;C:\sandbox\mvn.repo\jakarta\transaction\jakarta.transaction-api\1.3.3\jakarta.transaction-api-1.3.3.jar;C:\sandbox\mvn.repo\jakarta\persistence\jakarta.persistence-api\2.2.3\jakarta.persistence-api-2.2.3.jar;C:\sandbox\mvn.repo\org\hibernate\hibernate-core\5.6.7.Final\hibernate-core-5.6.7.Final.jar;C:\sandbox\mvn.repo\org\jboss\logging\jboss-logging\3.4.3.Final\jboss-logging-3.4.3.Final.jar;C:\sandbox\mvn.repo\net\bytebuddy\byte-buddy\1.11.22\byte-buddy-1.11.22.jar;C:\sandbox\mvn.repo\antlr\antlr\2.7.7\antlr-2.7.7.jar;C:\sandbox\mvn.repo\org\jboss\jandex\2.4.2.Final\jandex-2.4.2.Final.jar;C:\sandbox\mvn.repo\org\hibernate\common\hibernate-commons-annotations\5.1.2.Final\hibernate-commons-annotations-5.1.2.Final.jar;C:\sandbox\mvn.repo\org\glassfish\jaxb\jaxb-runtime\2.3.6\jaxb-runtime-2.3.6.jar;C:\sandbox\mvn.repo\org\glassfish\jaxb\txw2\2.3.6\txw2-2.3.6.jar;C:\sandbox\mvn.repo\com\sun\istack\istack-commons-runtime\3.0.12\istack-commons-runtime-3.0.12.jar;C:\sandbox\mvn.repo\com\sun\activation\jakarta.activation\1.2.2\jakarta.activation-1.2.2.jar;C:\sandbox\mvn.repo\org\springframework\data\spring-data-jpa\2.6.3\spring-data-jpa-2.6.3.jar;C:\sandbox\mvn.repo\org\springframework\data\spring-data-commons\2.6.3\spring-data-commons-2.6.3.jar;C:\sandbox\mvn.repo\org\springframework\spring-orm\5.3.18\spring-orm-5.3.18.jar;C:\sandbox\mvn.repo\org\springframework\spring-context\5.3.18\spring-context-5.3.18.jar;C:\sandbox\mvn.repo\org\springframework\spring-tx\5.3.18\spring-tx-5.3.18.jar;C:\sandbox\mvn.repo\org\springframework\spring-beans\5.3.18\spring-beans-5.3.18.jar;C:\sandbox\mvn.repo\org\springframework\spring-aspects\5.3.18\spring-aspects-5.3.18.jar;C:\sandbox\mvn.repo\org\springframework\boot\spring-boot-starter-web\2.6.6\spring-boot-starter-web-2.6.6.jar;C:\sandbox\mvn.repo\org\springframework\boot\spring-boot-starter\2.6.6\spring-boot-starter-2.6.6.jar;C:\sandbox\mvn.repo\org\springframework\boot\spring-boot\2.6.6\spring-boot-2.6.6.jar;C:\sandbox\mvn.repo\org\springframework\boot\spring-boot-autoconfigure\2.6.6\spring-boot-autoconfigure-2.6.6.jar;C:\sandbox\mvn.repo\org\springframework\boot\spring-boot-starter-logging\2.6.6\spring-boot-starter-logging-2.6.6.jar;C:\sandbox\mvn.repo\ch\qos\logback\logback-classic\1.2.11\logback-classic-1.2.11.jar;C:\sandbox\mvn.repo\ch\qos\logback\logback-core\1.2.11\logback-core-1.2.11.jar;C:\sandbox\mvn.repo\org\apache\logging\log4j\log4j-to-slf4j\2.17.2\log4j-to-slf4j-2.17.2.jar;C:\sandbox\mvn.repo\org\apache\logging\log4j\log4j-api\2.17.2\log4j-api-2.17.2.jar;C:\sandbox\mvn.repo\org\slf4j\jul-to-slf4j\1.7.36\jul-to-slf4j-1.7.36.jar;C:\sandbox\mvn.repo\jakarta\annotation\jakarta.annotation-api\1.3.5\jakarta.annotation-api-1.3.5.jar;C:\sandbox\mvn.repo\org\yaml\snakeyaml\1.29\snakeyaml-1.29.jar;C:\sandbox\mvn.repo\org\springframework\boot\spring-boot-starter-json\2.6.6\spring-boot-starter-json-2.6.6.jar;C:\sandbox\mvn.repo\com\fasterxml\jackson\core\jackson-databind\2.13.2.2\jackson-databind-2.13.2.2.jar;C:\sandbox\mvn.repo\com\fasterxml\jackson\core\jackson-annotations\2.13.2\jackson-annotations-2.13.2.jar;C:\sandbox\mvn.repo\com\fasterxml\jackson\core\jackson-core\2.13.2\jackson-core-2.13.2.jar;C:\sandbox\mvn.repo\com\fasterxml\jackson\datatype\jackson-datatype-jdk8\2.13.2\jackson-datatype-jdk8-2.13.2.jar;C:\sandbox\mvn.repo\com\fasterxml\jackson\datatype\jackson-datatype-jsr310\2.13.2\jackson-datatype-jsr310-2.13.2.jar;C:\sandbox\mvn.repo\com\fasterxml\jackson\module\jackson-module-parameter-names\2.13.2\jackson-module-parameter-names-2.13.2.jar;C:\sandbox\mvn.repo\org\springframework\boot\spring-boot-starter-tomcat\2.6.6\spring-boot-starter-tomcat-2.6.6.jar;C:\sandbox\mvn.repo\org\apache\tomcat\embed\tomcat-embed-core\9.0.60\tomcat-embed-core-9.0.60.jar;C:\sandbox\mvn.repo\org\apache\tomcat\embed\tomcat-embed-el\9.0.60\tomcat-embed-el-9.0.60.jar;C:\sandbox\mvn.repo\org\apache\tomcat\embed\tomcat-embed-websocket\9.0.60\tomcat-embed-websocket-9.0.60.jar;C:\sandbox\mvn.repo\org\springframework\spring-web\5.3.18\spring-web-5.3.18.jar;C:\sandbox\mvn.repo\org\springframework\spring-webmvc\5.3.18\spring-webmvc-5.3.18.jar;C:\sandbox\mvn.repo\org\springframework\spring-expression\5.3.18\spring-expression-5.3.18.jar;C:\sandbox\mvn.repo\com\h2database\h2\1.4.200\h2-1.4.200.jar;C:\sandbox\mvn.repo\org\springframework\boot\spring-boot-starter-test\2.6.6\spring-boot-starter-test-2.6.6.jar;C:\sandbox\mvn.repo\org\springframework\boot\spring-boot-test\2.6.6\spring-boot-test-2.6.6.jar;C:\sandbox\mvn.repo\org\springframework\boot\spring-boot-test-autoconfigure\2.6.6\spring-boot-test-autoconfigure-2.6.6.jar;C:\sandbox\mvn.repo\com\jayway\jsonpath\json-path\2.6.0\json-path-2.6.0.jar;C:\sandbox\mvn.repo\net\minidev\json-smart\2.4.8\json-smart-2.4.8.jar;C:\sandbox\mvn.repo\net\minidev\accessors-smart\2.4.8\accessors-smart-2.4.8.jar;C:\sandbox\mvn.repo\org\ow2\asm\asm\9.1\asm-9.1.jar;C:\sandbox\mvn.repo\jakarta\xml\bind\jakarta.xml.bind-api\2.3.3\jakarta.xml.bind-api-2.3.3.jar;C:\sandbox\mvn.repo\jakarta\activation\jakarta.activation-api\1.2.2\jakarta.activation-api-1.2.2.jar;C:\sandbox\mvn.repo\org\assertj\assertj-core\3.21.0\assertj-core-3.21.0.jar;C:\sandbox\mvn.repo\org\hamcrest\hamcrest\2.2\hamcrest-2.2.jar;C:\sandbox\mvn.repo\org\junit\jupiter\junit-jupiter\5.8.2\junit-jupiter-5.8.2.jar;C:\sandbox\mvn.repo\org\junit\jupiter\junit-jupiter-api\5.8.2\junit-jupiter-api-5.8.2.jar;C:\sandbox\mvn.repo\org\opentest4j\opentest4j\1.2.0\opentest4j-1.2.0.jar;C:\sandbox\mvn.repo\org\junit\platform\junit-platform-commons\1.8.2\junit-platform-commons-1.8.2.jar;C:\sandbox\mvn.repo\org\apiguardian\apiguardian-api\1.1.2\apiguardian-api-1.1.2.jar;C:\sandbox\mvn.repo\org\junit\jupiter\junit-jupiter-params\5.8.2\junit-jupiter-params-5.8.2.jar;C:\sandbox\mvn.repo\org\junit\jupiter\junit-jupiter-engine\5.8.2\junit-jupiter-engine-5.8.2.jar;C:\sandbox\mvn.repo\org\junit\platform\junit-platform-engine\1.8.2\junit-platform-engine-1.8.2.jar;C:\sandbox\mvn.repo\org\mockito\mockito-core\4.0.0\mockito-core-4.0.0.jar;C:\sandbox\mvn.repo\net\bytebuddy\byte-buddy-agent\1.11.22\byte-buddy-agent-1.11.22.jar;C:\sandbox\mvn.repo\org\objenesis\objenesis\3.2\objenesis-3.2.jar;C:\sandbox\mvn.repo\org\mockito\mockito-junit-jupiter\4.0.0\mockito-junit-jupiter-4.0.0.jar;C:\sandbox\mvn.repo\org\skyscreamer\jsonassert\1.5.0\jsonassert-1.5.0.jar;C:\sandbox\mvn.repo\com\vaadin\external\google\android-json\0.0.20131108.vaadin1\android-json-0.0.20131108.vaadin1.jar;C:\sandbox\mvn.repo\org\springframework\spring-core\5.3.18\spring-core-5.3.18.jar;C:\sandbox\mvn.repo\org\springframework\spring-jcl\5.3.18\spring-jcl-5.3.18.jar;C:\sandbox\mvn.repo\org\springframework\spring-test\5.3.18\spring-test-5.3.18.jar;C:\sandbox\mvn.repo\org\xmlunit\xmlunit-core\2.8.4\xmlunit-core-2.8.4.jar;C:\sandbox\mvn.repo\io\springfox\springfox-boot-starter\3.0.0\springfox-boot-starter-3.0.0.jar;C:\sandbox\mvn.repo\io\springfox\springfox-oas\3.0.0\springfox-oas-3.0.0.jar;C:\sandbox\mvn.repo\io\swagger\core\v3\swagger-annotations\2.1.2\swagger-annotations-2.1.2.jar;C:\sandbox\mvn.repo\io\swagger\core\v3\swagger-models\2.1.2\swagger-models-2.1.2.jar;C:\sandbox\mvn.repo\io\springfox\springfox-spi\3.0.0\springfox-spi-3.0.0.jar;C:\sandbox\mvn.repo\io\springfox\springfox-schema\3.0.0\springfox-schema-3.0.0.jar;C:\sandbox\mvn.repo\io\springfox\springfox-core\3.0.0\springfox-core-3.0.0.jar;C:\sandbox\mvn.repo\io\springfox\springfox-spring-web\3.0.0\springfox-spring-web-3.0.0.jar;C:\sandbox\mvn.repo\io\github\classgraph\classgraph\4.8.83\classgraph-4.8.83.jar;C:\sandbox\mvn.repo\io\springfox\springfox-spring-webmvc\3.0.0\springfox-spring-webmvc-3.0.0.jar;C:\sandbox\mvn.repo\io\springfox\springfox-spring-webflux\3.0.0\springfox-spring-webflux-3.0.0.jar;C:\sandbox\mvn.repo\io\springfox\springfox-swagger-common\3.0.0\springfox-swagger-common-3.0.0.jar;C:\sandbox\mvn.repo\org\mapstruct\mapstruct\1.3.1.Final\mapstruct-1.3.1.Final.jar;C:\sandbox\mvn.repo\io\springfox\springfox-data-rest\3.0.0\springfox-data-rest-3.0.0.jar;C:\sandbox\mvn.repo\io\springfox\springfox-bean-validators\3.0.0\springfox-bean-validators-3.0.0.jar;C:\sandbox\mvn.repo\io\springfox\springfox-swagger2\3.0.0\springfox-swagger2-3.0.0.jar;C:\sandbox\mvn.repo\io\swagger\swagger-annotations\1.5.20\swagger-annotations-1.5.20.jar;C:\sandbox\mvn.repo\io\swagger\swagger-models\1.5.20\swagger-models-1.5.20.jar;C:\sandbox\mvn.repo\io\springfox\springfox-swagger-ui\3.0.0\springfox-swagger-ui-3.0.0.jar;C:\sandbox\mvn.repo\com\fasterxml\classmate\1.5.1\classmate-1.5.1.jar;C:\sandbox\mvn.repo\org\slf4j\slf4j-api\1.7.36\slf4j-api-1.7.36.jar;C:\sandbox\mvn.repo\org\springframework\plugin\spring-plugin-core\2.0.0.RELEASE\spring-plugin-core-2.0.0.RELEASE.jar;C:\sandbox\mvn.repo\org\springframework\plugin\spring-plugin-metadata\2.0.0.RELEASE\spring-plugin-metadata-2.0.0.RELEASE.jar;"/>
    <property name="sun.cpu.endian" value="little"/>
    <property name="user.home" value="C:\Users\NICOLAEVESA"/>
    <property name="user.language" value="en"/>
    <property name="java.specification.vendor" value="Oracle Corporation"/>
    <property name="java.version.date" value="2018-09-25"/>
    <property name="java.home" value="C:\java\jdk-11"/>
    <property name="file.separator" value="\"/>
    <property name="style.color" value="always"/>
    <property name="basedir" value="C:\wrk\personal\practica-base\demo1\apprenticeship\poll-metter-be"/>
    <property name="java.vm.compressedOopsMode" value="Zero based"/>
    <property name="line.separator" value="&#10;"/>
    <property name="java.specification.name" value="Java Platform API Specification"/>
    <property name="java.vm.specification.vendor" value="Oracle Corporation"/>
    <property name="java.awt.graphicsenv" value="sun.awt.Win32GraphicsEnvironment"/>
    <property name="surefire.real.class.path" value="C:\Users\NICOLA~1\AppData\Local\Temp\surefire14234807720246781452\surefirebooter4183911887248950020.jar"/>
    <property name="user.script" value=""/>
    <property name="sun.management.compiler" value="HotSpot 64-Bit Tiered Compilers"/>
    <property name="java.runtime.version" value="11+28"/>
    <property name="user.name" value="O09860826"/>
    <property name="path.separator" value=";"/>
    <property name="os.version" value="10.0"/>
    <property name="java.runtime.name" value="OpenJDK Runtime Environment"/>
    <property name="file.encoding" value="Cp1252"/>
    <property name="java.vm.name" value="OpenJDK 64-Bit Server VM"/>
    <property name="java.vendor.version" value="18.9"/>
    <property name="localRepository" value="C:\sandbox\mvn.repo"/>
    <property name="java.vendor.url.bug" value="http://bugreport.java.com/bugreport/"/>
    <property name="java.io.tmpdir" value="C:\Users\NICOLA~1\AppData\Local\Temp\"/>
    <property name="java.version" value="11"/>
    <property name="user.dir" value="C:\wrk\personal\practica-base\demo1\apprenticeship\poll-metter-be"/>
    <property name="os.arch" value="amd64"/>
    <property name="java.vm.specification.name" value="Java Virtual Machine Specification"/>
    <property name="java.awt.printerjob" value="sun.awt.windows.WPrinterJob"/>
    <property name="sun.os.patch.level" value=""/>
    <property name="java.library.path" value="C:\java\jdk-11\bin;C:\WINDOWS\Sun\Java\bin;C:\WINDOWS\system32;C:\WINDOWS;C:\Program Files (x86)\Common Files\Oracle\Java\javapath;C:\WINDOWS\system32;C:\WINDOWS;C:\WINDOWS\System32\Wbem;C:\WINDOWS\System32\WindowsPowerShell\v1.0\;C:\WINDOWS\System32\OpenSSH\;C:\tools\PuTTY\;C:\Program Files (x86)\Bitvise SSH Client;C:\Program Files\Git\cmd;C:\Gradle\gradle-7.2\bin;C:\Program Files (x86)\Sennheiser\SenncomSDK\;C:\Program Files (x86)\Intel\Intel(R) Management Engine Components\DAL;C:\Program Files\Intel\Intel(R) Management Engine Components\DAL;C:\Users\NICOLAEVESA\AppData\Local\Microsoft\WindowsApps;C:\Users\NICOLAEVESA\AppData\Local\GitHubDesktop\bin;%USERPROFILE%\AppData\Local\Microsoft\WindowsApps;;."/>
    <property name="java.vendor" value="Oracle Corporation"/>
    <property name="java.vm.info" value="mixed mode"/>
    <property name="java.vm.version" value="11+28"/>
    <property name="sun.io.unicode.encoding" value="UnicodeLittle"/>
    <property name="java.class.version" value="55.0"/>
  </properties>
  <testcase name="contextLoads" classname="com.ibm.ro.tm.apprenticeship.poll.metter.be.PollMetterBeApplicationTests" time="0.172"/>
</testsuite>